<?xml version="1.0" encoding="UTF-8"?>
<!-- Generated by org.testng.reporters.JUnitXMLReporter -->
<testsuite ignored="4" hostname="Sudips-MacBook-Air.local" failures="1" tests="1" name="Default test(failed)" time="0.016" errors="0" timestamp="2026-06-19T11:26:58 IST">
  <testcase classname="TestNG_Practise.Demo1" name="m2" time="0.004">
    <failure type="java.lang.AssertionError" message="expected [200] but found [100]">
      <![CDATA[java.lang.AssertionError: expected [200] but found [100]
at TestNG_Practise.Demo1.m2(Demo1.java:18)
at java.base/java.util.ArrayList.forEach(ArrayList.java:1596)
... Removed 32 stack frames]]>
    </failure>
  </testcase> <!-- m2 -->
  <testcase classname="TestNG_Practise.Demo1" name="m5" time="0.0">
    <ignored/>
  </testcase> <!-- m5 -->
  <testcase classname="TestNG_Practise.Demo1" name="m3" time="0.0">
    <ignored/>
  </testcase> <!-- m3 -->
  <testcase classname="TestNG_Practise.Demo1" name="m4" time="0.0">
    <ignored/>
  </testcase> <!-- m4 -->
  <testcase classname="TestNG_Practise.Demo1" name="m1" time="0.0">
    <ignored/>
  </testcase> <!-- m1 -->
</testsuite> <!-- Default test(failed) -->
