<?xml version="1.0" encoding="UTF-8"?>
<!-- Generated by org.testng.reporters.JUnitXMLReporter -->
<testsuite ignored="0" hostname="Sudips-MacBook-Air.local" failures="1" tests="5" name="Test" time="0.018" errors="0" timestamp="2026-08-13T16:39:47 IST">
  <testcase classname="TestNG_Practise.Demo1" name="m1" time="0.003"/>
  <testcase classname="TestNG_Practise.Demo1" name="m2" time="0.0">
    <failure type="java.lang.AssertionError" message="expected:&amp;lt;100&amp;gt; but was:&amp;lt;200&amp;gt;">
      <![CDATA[java.lang.AssertionError: expected:<100> but was:<200>
at TestNG_Practise.Demo1.m2(Demo1.java:18)
at java.base/java.util.ArrayList.forEach(ArrayList.java:1596)
... Removed 30 stack frames]]>
    </failure>
  </testcase> <!-- m2 -->
  <testcase classname="TestNG_Practise.Demo1" name="m3" time="0.001"/>
  <testcase classname="TestNG_Practise.Demo1" name="m4" time="0.001"/>
  <testcase classname="TestNG_Practise.Demo1" name="m5" time="0.0"/>
</testsuite> <!-- Test -->
