<?xml version="1.0" encoding="UTF-8"?>
<testng-results ignored="0" total="1" passed="1" failed="0" skipped="0">
  <reporter-output>
  </reporter-output>
  <suite started-at="2026-09-03T17:41:55 IST" name="Default suite" finished-at="2026-09-03T17:42:58 IST" duration-ms="62899">
    <groups>
      <group name="cucumber">
        <method signature="AbstractTestNGCucumberTests.runScenario(io.cucumber.testng.PickleWrapper,io.cucumber.testng.FeatureWrapper)[pri:0, instance:TestRunner.MainRunner@52d239ba]" name="runScenario" class="io.cucumber.testng.AbstractTestNGCucumberTests"/>
      </group> <!-- cucumber -->
    </groups>
    <test started-at="2026-09-03T17:41:55 IST" name="Default test" finished-at="2026-09-03T17:42:58 IST" duration-ms="62899">
      <class name="TestRunner.MainRunner">
        <test-method is-config="true" signature="setupTestEnvironment()[pri:0, instance:TestRunner.MainRunner@52d239ba]" started-at="2026-09-03T17:41:55 IST" name="setupTestEnvironment" finished-at="2026-09-03T17:41:55 IST" duration-ms="4" status="PASS">
          <reporter-output>
          </reporter-output>
        </test-method> <!-- setupTestEnvironment -->
        <test-method is-config="true" signature="setUpClass(org.testng.ITestContext)[pri:0, instance:TestRunner.MainRunner@52d239ba]" started-at="2026-09-03T17:41:55 IST" name="setUpClass" finished-at="2026-09-03T17:41:55 IST" duration-ms="57" status="PASS">
          <params>
            <param index="0">
              <value>
                <![CDATA[org.testng.TestRunner@746b18fd]]>
              </value>
            </param>
          </params>
          <reporter-output>
          </reporter-output>
        </test-method> <!-- setUpClass -->
        <test-method is-config="true" signature="setBrowser(java.lang.String)[pri:0, instance:TestRunner.MainRunner@52d239ba]" started-at="2026-09-03T17:41:55 IST" name="setBrowser" finished-at="2026-09-03T17:41:55 IST" duration-ms="1" status="PASS">
          <params>
            <param index="0">
              <value>
                <![CDATA[]]>
              </value>
            </param>
          </params>
          <reporter-output>
          </reporter-output>
        </test-method> <!-- setBrowser -->
        <test-method signature="runScenario(io.cucumber.testng.PickleWrapper,io.cucumber.testng.FeatureWrapper)[pri:0, instance:TestRunner.MainRunner@52d239ba]" started-at="2026-09-03T17:41:55 IST" name="runScenario" description="Runs Cucumber Scenarios" data-provider="scenarios" finished-at="2026-09-03T17:42:58 IST" duration-ms="62827" status="PASS">
          <params>
            <param index="0">
              <value>
                <![CDATA["OrangeHRM Login"]]>
              </value>
            </param>
            <param index="1">
              <value>
                <![CDATA["OrangeHRM feature"]]>
              </value>
            </param>
          </params>
          <reporter-output>
          </reporter-output>
        </test-method> <!-- runScenario -->
        <test-method is-config="true" signature="tearDownClass()[pri:0, instance:TestRunner.MainRunner@52d239ba]" started-at="2026-09-03T17:42:58 IST" name="tearDownClass" finished-at="2026-09-03T17:42:58 IST" duration-ms="1" status="PASS">
          <reporter-output>
          </reporter-output>
        </test-method> <!-- tearDownClass -->
        <test-method is-config="true" signature="flushExtentReports()[pri:0, instance:TestRunner.MainRunner@52d239ba]" started-at="2026-09-03T17:42:58 IST" name="flushExtentReports" finished-at="2026-09-03T17:42:58 IST" duration-ms="91" status="PASS">
          <reporter-output>
          </reporter-output>
        </test-method> <!-- flushExtentReports -->
      </class> <!-- TestRunner.MainRunner -->
    </test> <!-- Default test -->
  </suite> <!-- Default suite -->
</testng-results>
