<?xml version="1.0" encoding="UTF-8"?>
<!-- Generated by org.testng.reporters.JUnitReportReporter -->
<testsuite hostname="Sudips-MacBook-Air.local" failures="0" tests="1" name="TestRunner.APIRunner" time="0.429" errors="1" timestamp="2026-06-30T15:31:56 IST" skipped="0">
  <testcase classname="TestRunner.APIRunner" name="runScenario" time="0.429">
    <error message="com.fasterxml.jackson.databind.exc.UnrecognizedPropertyException: Unrecognized field &quot;entityType&quot; (class pojoLayer.RootResponse), not marked as ignorable (3 known properties: &quot;data&quot;, &quot;companies&quot;, &quot;meta&quot;])
 at [Source: REDACTED (`StreamReadFeature.INCLUDE_SOURCE_IN_LOCATION` disabled); line: 1, column: 16] (through reference chain: pojoLayer.RootResponse[&quot;entityType&quot;])" type="java.lang.RuntimeException">
      <![CDATA[java.lang.RuntimeException: com.fasterxml.jackson.databind.exc.UnrecognizedPropertyException: Unrecognized field "entityType" (class pojoLayer.RootResponse), not marked as ignorable (3 known properties: "data", "companies", "meta"])
 at [Source: REDACTED (`StreamReadFeature.INCLUDE_SOURCE_IN_LOCATION` disabled); line: 1, column: 16] (through reference chain: pojoLayer.RootResponse["entityType"])
at io.restassured.internal.path.json.mapping.JsonPathJackson2ObjectDeserializer.deserialize(JsonPathJackson2ObjectDeserializer.java:30)
at io.restassured.path.json.mapping.JsonPathObjectDeserializer$deserialize.call(Unknown Source)
at org.codehaus.groovy.runtime.callsite.CallSiteArray.defaultCall(CallSiteArray.java:45)
at org.codehaus.groovy.runtime.callsite.AbstractCallSite.call(AbstractCallSite.java:125)
at org.codehaus.groovy.runtime.callsite.AbstractCallSite.call(AbstractCallSite.java:139)
at io.restassured.internal.mapping.Jackson2Mapper.deserialize(Jackson2Mapper.groovy:58)
at io.restassured.mapper.ObjectMapper$deserialize.call(Unknown Source)
at org.codehaus.groovy.runtime.callsite.CallSiteArray.defaultCall(CallSiteArray.java:45)
at org.codehaus.groovy.runtime.callsite.AbstractCallSite.call(AbstractCallSite.java:125)
at org.codehaus.groovy.runtime.callsite.AbstractCallSite.call(AbstractCallSite.java:139)
at io.restassured.internal.mapping.ObjectMapping.parseWithJackson2(ObjectMapping.groovy:254)
at io.restassured.internal.mapping.ObjectMapping$parseWithJackson2$0.callStatic(Unknown Source)
at org.codehaus.groovy.runtime.callsite.CallSiteArray.defaultCallStatic(CallSiteArray.java:53)
at org.codehaus.groovy.runtime.callsite.AbstractCallSite.callStatic(AbstractCallSite.java:217)
at org.codehaus.groovy.runtime.callsite.AbstractCallSite.callStatic(AbstractCallSite.java:240)
at io.restassured.internal.mapping.ObjectMapping.deserialize(ObjectMapping.groovy:56)
at io.restassured.internal.mapping.ObjectMapping$deserialize.call(Unknown Source)
at org.codehaus.groovy.runtime.callsite.CallSiteArray.defaultCall(CallSiteArray.java:45)
at org.codehaus.groovy.runtime.callsite.AbstractCallSite.call(AbstractCallSite.java:125)
at io.restassured.internal.RestAssuredResponseOptionsGroovyImpl.as(RestAssuredResponseOptionsGroovyImpl.groovy:229)
at io.restassured.internal.RestAssuredResponseOptionsImpl.as(RestAssuredResponseOptionsImpl.java:169)
at stepDefinitions.RestAssuredStepDef.user_sends_get_request(RestAssuredStepDef.java:31)
at ✽.user sends GET request(file:///Users/sudipdilipchothe/Documents/HybridFramework%202/src/test/resources/features/RestAssured.feature:7)
Caused by: com.fasterxml.jackson.databind.exc.UnrecognizedPropertyException: Unrecognized field "entityType" (class pojoLayer.RootResponse), not marked as ignorable (3 known properties: "data", "companies", "meta"])
 at [Source: REDACTED (`StreamReadFeature.INCLUDE_SOURCE_IN_LOCATION` disabled); line: 1, column: 16] (through reference chain: pojoLayer.RootResponse["entityType"])
at com.fasterxml.jackson.databind.exc.UnrecognizedPropertyException.from(UnrecognizedPropertyException.java:61)
at com.fasterxml.jackson.databind.DeserializationContext.handleUnknownProperty(DeserializationContext.java:1153)
at com.fasterxml.jackson.databind.deser.std.StdDeserializer.handleUnknownProperty(StdDeserializer.java:2241)
at com.fasterxml.jackson.databind.deser.BeanDeserializerBase.handleUnknownProperty(BeanDeserializerBase.java:1821)
at com.fasterxml.jackson.databind.deser.BeanDeserializerBase.handleUnknownVanilla(BeanDeserializerBase.java:1799)
at com.fasterxml.jackson.databind.deser.BeanDeserializer.vanillaDeserialize(BeanDeserializer.java:316)
at com.fasterxml.jackson.databind.deser.BeanDeserializer.deserialize(BeanDeserializer.java:177)
at com.fasterxml.jackson.databind.deser.DefaultDeserializationContext.readRootValue(DefaultDeserializationContext.java:342)
at com.fasterxml.jackson.databind.ObjectMapper._readMapAndClose(ObjectMapper.java:4917)
at com.fasterxml.jackson.databind.ObjectMapper.readValue(ObjectMapper.java:3860)
at io.restassured.internal.path.json.mapping.JsonPathJackson2ObjectDeserializer.deserialize(JsonPathJackson2ObjectDeserializer.java:28)
... 22 more
]]>
    </error>
  </testcase> <!-- runScenario -->
</testsuite> <!-- TestRunner.APIRunner -->
