<?xml version="1.0" encoding="UTF-8"?>
<!-- Generated by org.testng.reporters.JUnitReportReporter -->
<testsuite hostname="Sudips-MacBook-Air.local" failures="1" tests="1" name="TestRunner.MainRunner" time="39.001" errors="0" timestamp="2026-09-10T22:07:18 IST" skipped="0">
  <testcase classname="TestRunner.MainRunner" name="runScenario" time="39.001">
    <failure message="expected:&lt;100&gt; but was:&lt;200&gt;" type="junit.framework.AssertionFailedError">
      <![CDATA[junit.framework.AssertionFailedError: expected:<100> but was:<200>
at junit.framework.Assert.fail(Assert.java:50)
at junit.framework.Assert.failNotEquals(Assert.java:287)
at junit.framework.Assert.assertEquals(Assert.java:67)
at junit.framework.Assert.assertEquals(Assert.java:199)
at junit.framework.Assert.assertEquals(Assert.java:205)
at stepDefinitions.OrangeHRMStepDef.verify_user_navigates_on_orange_hrm_landing_page(OrangeHRMStepDef.java:62)
at ✽.verify user navigates on OrangeHRM Landing page(file:///Users/sudipdilipchothe/Documents/HybridFramework%202/src/test/resources/features/OrangeHRM.feature:7)
]]>
    </failure>
  </testcase> <!-- runScenario -->
</testsuite> <!-- TestRunner.MainRunner -->
