<?xml version="1.0" encoding="UTF-8"?>
<!-- Generated by org.testng.reporters.JUnitReportReporter -->
<testsuite hostname="Sudips-MacBook-Air.local" failures="0" tests="1" name="TestLayer.CaseDetailsAPITest" time="0.456" errors="1" timestamp="2026-01-11T12:38:55 IST" skipped="0">
  <testcase classname="TestLayer.CaseDetailsAPITest" name="getCaseDetails" time="0.456">
    <error message="com.fasterxml.jackson.databind.exc.UnrecognizedPropertyException: Unrecognized field &quot;data&quot; (class pojoLayer.CaseDetails), not marked as ignorable (13 known properties: &quot;dateOfInitiation&quot;, &quot;outstandingBalance&quot;, &quot;createdOn&quot;, &quot;jocReferenceId&quot;, &quot;caseOwnerManager&quot;, &quot;caseOwnerName&quot;, &quot;partyIdentifier&quot;, &quot;updatedBy&quot;, &quot;litigationCaseNumber&quot;, &quot;litigationType&quot;, &quot;caseOwnerId&quot;, &quot;createdBy&quot;, &quot;updatedOn&quot;])
 at [Source: (String)&quot;{&quot;data&quot;:{&quot;caseDetails&quot;:{&quot;caseOwnerId&quot;:&quot;EMP5018&quot;,&quot;caseOwnerManager&quot;:&quot;Kavita Joshi&quot;,&quot;caseOwnerName&quot;:&quot;Anita Deshmukh&quot;,&quot;createdBy&quot;:&quot;SYSTEM&quot;,&quot;createdOn&quot;:&quot;2025-12-23T20:27:30.936666600Z&quot;,&quot;dateOfInitiation&quot;:&quot;2025-12-23&quot;,&quot;jocReferenceId&quot;:&quot;JOCREF1000018&quot;,&quot;litigationCaseNumber&quot;:100018,&quot;litigationType&quot;:&quot;Fraud Investigation&quot;,&quot;outstandingBalance&quot;:27427.500,&quot;partyIdentifier&quot;:&quot;MYHBMB2024018&quot;,&quot;updatedBy&quot;:&quot;SYSTEM&quot;,&quot;updatedOn&quot;:&quot;2025-12-24T20:27:30.936666600Z&quot;}}}&quot;; line: 1, column: 10] (through reference chain: pojoLayer.CaseDetails[&quot;data&quot;])" type="java.lang.RuntimeException">
      <![CDATA[java.lang.RuntimeException: com.fasterxml.jackson.databind.exc.UnrecognizedPropertyException: Unrecognized field "data" (class pojoLayer.CaseDetails), not marked as ignorable (13 known properties: "dateOfInitiation", "outstandingBalance", "createdOn", "jocReferenceId", "caseOwnerManager", "caseOwnerName", "partyIdentifier", "updatedBy", "litigationCaseNumber", "litigationType", "caseOwnerId", "createdBy", "updatedOn"])
 at [Source: (String)"{"data":{"caseDetails":{"caseOwnerId":"EMP5018","caseOwnerManager":"Kavita Joshi","caseOwnerName":"Anita Deshmukh","createdBy":"SYSTEM","createdOn":"2025-12-23T20:27:30.936666600Z","dateOfInitiation":"2025-12-23","jocReferenceId":"JOCREF1000018","litigationCaseNumber":100018,"litigationType":"Fraud Investigation","outstandingBalance":27427.500,"partyIdentifier":"MYHBMB2024018","updatedBy":"SYSTEM","updatedOn":"2025-12-24T20:27:30.936666600Z"}}}"; line: 1, column: 10] (through reference chain: pojoLayer.CaseDetails["data"])
at io.restassured.internal.path.json.mapping.JsonPathJackson2ObjectDeserializer.deserialize(JsonPathJackson2ObjectDeserializer.java:30)
at io.restassured.path.json.mapping.JsonPathObjectDeserializer$deserialize.call(Unknown Source)
at org.codehaus.groovy.runtime.callsite.CallSiteArray.defaultCall(CallSiteArray.java:45)
at org.codehaus.groovy.runtime.callsite.AbstractCallSite.call(AbstractCallSite.java:125)
at org.codehaus.groovy.runtime.callsite.AbstractCallSite.call(AbstractCallSite.java:139)
at io.restassured.internal.mapping.Jackson2Mapper.deserialize(Jackson2Mapper.groovy:58)
at io.restassured.mapper.ObjectMapper$deserialize.call(Unknown Source)
at org.codehaus.groovy.runtime.callsite.CallSiteArray.defaultCall(CallSiteArray.java:45)
at org.codehaus.groovy.runtime.callsite.AbstractCallSite.call(AbstractCallSite.java:125)
at org.codehaus.groovy.runtime.callsite.AbstractCallSite.call(AbstractCallSite.java:139)
at io.restassured.internal.mapping.ObjectMapping.parseWithJackson2(ObjectMapping.groovy:254)
at io.restassured.internal.mapping.ObjectMapping$parseWithJackson2$0.callStatic(Unknown Source)
at org.codehaus.groovy.runtime.callsite.CallSiteArray.defaultCallStatic(CallSiteArray.java:53)
at org.codehaus.groovy.runtime.callsite.AbstractCallSite.callStatic(AbstractCallSite.java:217)
at org.codehaus.groovy.runtime.callsite.AbstractCallSite.callStatic(AbstractCallSite.java:240)
at io.restassured.internal.mapping.ObjectMapping.deserialize(ObjectMapping.groovy:56)
at io.restassured.internal.mapping.ObjectMapping$deserialize.call(Unknown Source)
at org.codehaus.groovy.runtime.callsite.CallSiteArray.defaultCall(CallSiteArray.java:45)
at org.codehaus.groovy.runtime.callsite.AbstractCallSite.call(AbstractCallSite.java:125)
at io.restassured.internal.RestAssuredResponseOptionsGroovyImpl.as(RestAssuredResponseOptionsGroovyImpl.groovy:229)
at io.restassured.internal.RestAssuredResponseOptionsImpl.as(RestAssuredResponseOptionsImpl.java:169)
at TestLayer.CaseDetailsAPITest.getCaseDetails(CaseDetailsAPITest.java:26)
at java.base/jdk.internal.reflect.DirectMethodHandleAccessor.invoke(DirectMethodHandleAccessor.java:103)
at java.base/java.lang.reflect.Method.invoke(Method.java:580)
at org.testng.internal.invokers.MethodInvocationHelper.invokeMethod(MethodInvocationHelper.java:141)
at org.testng.internal.invokers.TestInvoker.invokeMethod(TestInvoker.java:687)
at org.testng.internal.invokers.TestInvoker.invokeTestMethod(TestInvoker.java:230)
at org.testng.internal.invokers.MethodRunner.runInSequence(MethodRunner.java:63)
at org.testng.internal.invokers.TestInvoker$MethodInvocationAgent.invoke(TestInvoker.java:995)
at org.testng.internal.invokers.TestInvoker.invokeTestMethods(TestInvoker.java:203)
at org.testng.internal.invokers.TestMethodWorker.invokeTestMethods(TestMethodWorker.java:154)
at org.testng.internal.invokers.TestMethodWorker.run(TestMethodWorker.java:134)
at java.base/java.util.ArrayList.forEach(ArrayList.java:1596)
at org.testng.TestRunner.privateRun(TestRunner.java:741)
at org.testng.TestRunner.run(TestRunner.java:616)
at org.testng.SuiteRunner.runTest(SuiteRunner.java:421)
at org.testng.SuiteRunner.runSequentially(SuiteRunner.java:413)
at org.testng.SuiteRunner.privateRun(SuiteRunner.java:373)
at org.testng.SuiteRunner.run(SuiteRunner.java:312)
at org.testng.SuiteRunnerWorker.runSuite(SuiteRunnerWorker.java:52)
at org.testng.SuiteRunnerWorker.run(SuiteRunnerWorker.java:95)
at org.testng.TestNG.runSuitesSequentially(TestNG.java:1274)
at org.testng.TestNG.runSuitesLocally(TestNG.java:1208)
at org.testng.TestNG.runSuites(TestNG.java:1112)
at org.testng.TestNG.run(TestNG.java:1079)
at org.testng.remote.AbstractRemoteTestNG.run(AbstractRemoteTestNG.java:115)
at org.testng.remote.RemoteTestNG.initAndRun(RemoteTestNG.java:293)
at org.testng.remote.RemoteTestNG.main(RemoteTestNG.java:91)
Caused by: com.fasterxml.jackson.databind.exc.UnrecognizedPropertyException: Unrecognized field "data" (class pojoLayer.CaseDetails), not marked as ignorable (13 known properties: "dateOfInitiation", "outstandingBalance", "createdOn", "jocReferenceId", "caseOwnerManager", "caseOwnerName", "partyIdentifier", "updatedBy", "litigationCaseNumber", "litigationType", "caseOwnerId", "createdBy", "updatedOn"])
 at [Source: (String)"{"data":{"caseDetails":{"caseOwnerId":"EMP5018","caseOwnerManager":"Kavita Joshi","caseOwnerName":"Anita Deshmukh","createdBy":"SYSTEM","createdOn":"2025-12-23T20:27:30.936666600Z","dateOfInitiation":"2025-12-23","jocReferenceId":"JOCREF1000018","litigationCaseNumber":100018,"litigationType":"Fraud Investigation","outstandingBalance":27427.500,"partyIdentifier":"MYHBMB2024018","updatedBy":"SYSTEM","updatedOn":"2025-12-24T20:27:30.936666600Z"}}}"; line: 1, column: 10] (through reference chain: pojoLayer.CaseDetails["data"])
at com.fasterxml.jackson.databind.exc.UnrecognizedPropertyException.from(UnrecognizedPropertyException.java:61)
at com.fasterxml.jackson.databind.DeserializationContext.handleUnknownProperty(DeserializationContext.java:1127)
at com.fasterxml.jackson.databind.deser.std.StdDeserializer.handleUnknownProperty(StdDeserializer.java:2023)
at com.fasterxml.jackson.databind.deser.BeanDeserializerBase.handleUnknownProperty(BeanDeserializerBase.java:1700)
at com.fasterxml.jackson.databind.deser.BeanDeserializerBase.handleUnknownVanilla(BeanDeserializerBase.java:1678)
at com.fasterxml.jackson.databind.deser.BeanDeserializer.vanillaDeserialize(BeanDeserializer.java:319)
at com.fasterxml.jackson.databind.deser.BeanDeserializer.deserialize(BeanDeserializer.java:176)
at com.fasterxml.jackson.databind.deser.DefaultDeserializationContext.readRootValue(DefaultDeserializationContext.java:323)
at com.fasterxml.jackson.databind.ObjectMapper._readMapAndClose(ObjectMapper.java:4674)
at com.fasterxml.jackson.databind.ObjectMapper.readValue(ObjectMapper.java:3629)
at io.restassured.internal.path.json.mapping.JsonPathJackson2ObjectDeserializer.deserialize(JsonPathJackson2ObjectDeserializer.java:28)
... 47 more
]]>
    </error>
  </testcase> <!-- getCaseDetails -->
</testsuite> <!-- TestLayer.CaseDetailsAPITest -->
