<?xml version="1.0" encoding="UTF-8"?>
<!-- Generated by org.testng.reporters.JUnitReportReporter -->
<testsuite hostname="Sudips-MacBook-Air.local" failures="1" tests="1" name="TestRunner.MainRunner" time="64.486" errors="0" timestamp="2026-09-10T22:43:51 IST" skipped="0">
  <testcase classname="TestRunner.MainRunner" name="runScenario" time="64.486">
    <failure message="expected [200] but found [100]" type="java.lang.AssertionError">
      <![CDATA[java.lang.AssertionError: expected [200] but found [100]
at org.testng.Assert.fail(Assert.java:111)
at org.testng.Assert.failNotEquals(Assert.java:1590)
at org.testng.Assert.assertEqualsImpl(Assert.java:150)
at org.testng.Assert.assertEquals(Assert.java:132)
at org.testng.Assert.assertEquals(Assert.java:1431)
at org.testng.Assert.assertEquals(Assert.java:1395)
at org.testng.Assert.assertEquals(Assert.java:1441)
at stepDefinitions.OrangeHRMStepDef.verify_user_navigates_on_orange_hrm_landing_page(OrangeHRMStepDef.java:63)
at ✽.verify user navigates on OrangeHRM Landing page(file:///Users/sudipdilipchothe/Documents/HybridFramework%202/src/test/resources/features/OrangeHRM.feature:7)
]]>
    </failure>
  </testcase> <!-- runScenario -->
</testsuite> <!-- TestRunner.MainRunner -->
