<?xml version="1.0" encoding="UTF-8"?>
<!-- Generated by org.testng.reporters.JUnitXMLReporter -->
<testsuite ignored="0" hostname="Sudips-MacBook-Air.local" failures="1" tests="1" name="FirefoxTest" time="35.506" errors="0" timestamp="2026-01-21T22:53:36 IST">
  <testcase classname="io.cucumber.testng.AbstractTestNGCucumberTests" name="runScenario" time="35.279">
    <failure type="java.lang.RuntimeException" message="App URL for key &amp;apos;appURL&amp;apos; is not configured in properties file.">
      <![CDATA[java.lang.RuntimeException: App URL for key 'appURL' is not configured in properties file.
at BaseLayer.BaseClass.launchApp(BaseClass.java:83)
at HooksGUI.UIHooks.beforeScenario(UIHooks.java:77)
]]>
    </failure>
  </testcase> <!-- runScenario -->
</testsuite> <!-- FirefoxTest -->
