<?xml version="1.0" encoding="UTF-8"?>
<!-- Generated by org.testng.reporters.JUnitXMLReporter -->
<testsuite ignored="0" hostname="Sudips-MacBook-Air.local" failures="1" tests="1" name="FirefoxTests" time="0.299" errors="0" timestamp="2026-01-24T11:44:12 IST">
  <testcase classname="io.cucumber.testng.AbstractTestNGCucumberTests" name="runScenario" time="0.06">
    <failure type="java.lang.NullPointerException" message="Cannot invoke &amp;quot;String.toLowerCase()&amp;quot; because &amp;quot;browser&amp;quot; is null">
      <![CDATA[java.lang.NullPointerException: Cannot invoke "String.toLowerCase()" because "browser" is null
at CommonLayer.DriverFactory.initDriver(DriverFactory.java:23)
at HooksGUI.UIHooks.beforeScenario(UIHooks.java:38)
]]>
    </failure>
  </testcase> <!-- runScenario -->
</testsuite> <!-- FirefoxTests -->
